wrapper  | --> Wrapper Started as Daemon
wrapper  | Launching a JVM...
jvm 1    | Java HotSpot(TM) 64-Bit Server VM warning: ignoring option MaxPermSize=192m; support was removed in 8.0
jvm 1    | Wrapper (Version 3.2.3) http://wrapper.tanukisoftware.org
jvm 1    |   Copyright 1999-2006 Tanuki Software, Inc.  All Rights Reserved.
jvm 1    | 
jvm 1    | 2018-04-11 16:41:45,307+0530 INFO  [WrapperListener_start_runner]  org.sonatype.nexus.bootstrap.jsw.JswLauncher - Starting with arguments: [./conf/jetty.xml, ./conf/jetty-requestlog.xml]
jvm 1    | 2018-04-11 16:41:45,313+0530 INFO  [WrapperListener_start_runner]  org.sonatype.nexus.bootstrap.jsw.JswLauncher - JVM ID: 1, JVM PID: 2773, Wrapper PID: 2771, User: root
jvm 1    | 2018-04-11 16:41:45,424+0530 INFO  [WrapperListener_start_runner]  org.sonatype.nexus.bootstrap.ConfigurationBuilder - Properties:
jvm 1    | 2018-04-11 16:41:45,424+0530 INFO  [WrapperListener_start_runner]  org.sonatype.nexus.bootstrap.ConfigurationBuilder -   application-conf='/my-app/nexus-2.14.8-01/../sonatype-work/nexus/conf'
jvm 1    | 2018-04-11 16:41:45,424+0530 INFO  [WrapperListener_start_runner]  org.sonatype.nexus.bootstrap.ConfigurationBuilder -   application-host='0.0.0.0'
jvm 1    | 2018-04-11 16:41:45,424+0530 INFO  [WrapperListener_start_runner]  org.sonatype.nexus.bootstrap.ConfigurationBuilder -   application-port='8081'
jvm 1    | 2018-04-11 16:41:45,424+0530 INFO  [WrapperListener_start_runner]  org.sonatype.nexus.bootstrap.ConfigurationBuilder -   bundleBasedir='/my-app/nexus-2.14.8-01'
jvm 1    | 2018-04-11 16:41:45,424+0530 INFO  [WrapperListener_start_runner]  org.sonatype.nexus.bootstrap.ConfigurationBuilder -   java.awt.headless='true'
jvm 1    | 2018-04-11 16:41:45,424+0530 INFO  [WrapperListener_start_runner]  org.sonatype.nexus.bootstrap.ConfigurationBuilder -   networkaddress.cache.ttl='3600'
jvm 1    | 2018-04-11 16:41:45,424+0530 INFO  [WrapperListener_start_runner]  org.sonatype.nexus.bootstrap.ConfigurationBuilder -   nexus-app='/my-app/nexus-2.14.8-01/nexus/WEB-INF'
jvm 1    | 2018-04-11 16:41:45,424+0530 INFO  [WrapperListener_start_runner]  org.sonatype.nexus.bootstrap.ConfigurationBuilder -   nexus-webapp='/my-app/nexus-2.14.8-01/nexus'
jvm 1    | 2018-04-11 16:41:45,424+0530 INFO  [WrapperListener_start_runner]  org.sonatype.nexus.bootstrap.ConfigurationBuilder -   nexus-webapp-context-path='/nexus'
jvm 1    | 2018-04-11 16:41:45,425+0530 INFO  [WrapperListener_start_runner]  org.sonatype.nexus.bootstrap.ConfigurationBuilder -   nexus-work='/my-app/sonatype-work/nexus'
jvm 1    | 2018-04-11 16:41:45,425+0530 INFO  [WrapperListener_start_runner]  org.sonatype.nexus.bootstrap.ConfigurationBuilder -   org.eclipse.ecf.provider.filetransfer.retrieve.readTimeout='30000'
jvm 1    | 2018-04-11 16:41:45,425+0530 INFO  [WrapperListener_start_runner]  org.sonatype.nexus.bootstrap.ConfigurationBuilder -   runtime='/my-app/nexus-2.14.8-01/nexus/WEB-INF'
jvm 1    | 2018-04-11 16:41:45,425+0530 INFO  [WrapperListener_start_runner]  org.sonatype.nexus.bootstrap.ConfigurationBuilder -   security-xml-file='/my-app/nexus-2.14.8-01/../sonatype-work/nexus/conf/security.xml'
jvm 1    | 2018-04-11 16:41:45,425+0530 INFO  [WrapperListener_start_runner]  org.sonatype.nexus.bootstrap.ConfigurationBuilder -   storage.diskCache.bufferSize='4096'
jvm 1    | 2018-04-11 16:41:45,425+0530 INFO  [WrapperListener_start_runner]  org.sonatype.nexus.bootstrap.Launcher - Java: 1.8.0_161, Java HotSpot(TM) 64-Bit Server VM, Oracle Corporation, 25.161-b12
jvm 1    | 2018-04-11 16:41:45,425+0530 INFO  [WrapperListener_start_runner]  org.sonatype.nexus.bootstrap.Launcher - OS: Linux, 3.10.0-693.21.1.el7.x86_64, amd64
jvm 1    | 2018-04-11 16:41:45,425+0530 INFO  [WrapperListener_start_runner]  org.sonatype.nexus.bootstrap.Launcher - User: root, en, /root
jvm 1    | 2018-04-11 16:41:45,425+0530 INFO  [WrapperListener_start_runner]  org.sonatype.nexus.bootstrap.Launcher - CWD: /my-app/nexus-2.14.8-01
jvm 1    | 2018-04-11 16:41:45,482+0530 INFO  [WrapperListener_start_runner]  org.sonatype.nexus.bootstrap.Launcher - TMP: /my-app/nexus-2.14.8-01/tmp
jvm 1    | 2018-04-11 16:41:45,484+0530 INFO  [WrapperListener_start_runner]  org.sonatype.nexus.bootstrap.jetty.JettyServer - Starting
jvm 1    | 2018-04-11 16:41:45,498+0530 INFO  [WrapperListener_start_runner]  org.sonatype.nexus.bootstrap.jetty.JettyServer - Applying configuration: file:/my-app/nexus-2.14.8-01/conf/jetty.xml
jvm 1    | 2018-04-11 16:41:45,947+0530 INFO  [WrapperListener_start_runner]  org.sonatype.nexus.bootstrap.jetty.JettyServer - Applying configuration: file:/my-app/nexus-2.14.8-01/conf/jetty-requestlog.xml
jvm 1    | 2018-04-11 16:41:45,961+0530 INFO  [jetty-main-1]  org.sonatype.nexus.bootstrap.jetty.JettyServer - Starting: org.eclipse.jetty.server.Server@64dcb56d
jvm 1    | 2018-04-11 16:41:45,962+0530 INFO  [jetty-main-1]  org.eclipse.jetty.server.Server - jetty-8.1.16.v20140903
jvm 1    | 2018-04-11 16:41:46,760+0530 INFO  [jetty-main-1]  org.sonatype.nexus.webapp.WebappBootstrap - Initializing
jvm 1    | 2018-04-11 16:41:46,760+0530 INFO  [jetty-main-1]  org.sonatype.nexus.webapp.WebappBootstrap - Using bootstrap launcher configuration
jvm 1    | 2018-04-11 16:41:47,850+0530 INFO  [jetty-main-1]  org.sonatype.nexus.webapp.metrics.MetricsModule - Metrics support configured
jvm 1    | 2018-04-11 16:41:49,660+0530 INFO  [jetty-main-1]  org.sonatype.sisu.goodies.eventbus.internal.DefaultEventBus - Using Reentrant Guava EventBus
jvm 1    | 2018-04-11 16:41:50,117+0530 WARN  [jetty-main-1]  org.sonatype.security.configuration.source.FileSecurityConfigurationSource - No configuration file in place, copying the default one and continuing with it.
jvm 1    | 2018-04-11 16:41:50,139+0530 INFO  [jetty-main-1]  org.sonatype.security.configuration.source.FileSecurityConfigurationSource - Loading Security configuration from /my-app/nexus-2.14.8-01/../sonatype-work/nexus/conf/security-configuration.xml
jvm 1    | 2018-04-11 16:41:50,157+0530 INFO  [jetty-main-1]  org.sonatype.sisu.ehcache.CacheManagerComponentImpl - Loading configuration from: file:/my-app/nexus-2.14.8-01/nexus/WEB-INF/classes/ehcache.xml
jvm 1    | 2018-04-11 16:41:50,291+0530 INFO  [jetty-main-1]  com.thoughtworks.xstream.XStream - Version: 1.4.6-SONATYPE-03, white-list support available
jvm 1    | 2018-04-11 16:41:50,416+0530 INFO  [jetty-main-1]  org.sonatype.nexus.proxy.registry.DefaultRepositoryTypeRegistry - Registered default repository types.
jvm 1    | 2018-04-11 16:41:50,538+0530 INFO  [jetty-main-1]  org.sonatype.nexus.events.EventSubscriberHost - Initialized
jvm 1    | 2018-04-11 16:41:50,541+0530 INFO  [jetty-main-1]  org.sonatype.nexus.NxApplication - 
jvm 1    | -------------------------------------------------
jvm 1    | 
jvm 1    | Initializing Nexus Repository Manager OSS 2.14.8-01
jvm 1    | 
jvm 1    | -------------------------------------------------
jvm 1    | 2018-04-11 16:41:50,541+0530 INFO  [jetty-main-1]  org.sonatype.nexus.NxApplication - Activating locally installed plugins...
jvm 1    | 2018-04-11 16:41:51,687+0530 INFO  [jetty-main-1]  com.sun.jersey.server.impl.application.WebApplicationImpl - Initiating Jersey application, version 'Jersey: 1.17.1 02/28/2013 12:47 PM'
jvm 1    | 2018-04-11 16:41:54,001+0530 INFO  [jetty-main-1]  org.sonatype.nexus.plugins.bcprov.CryptoPlugin - Unlimited strength JCE policy detected
jvm 1    | 2018-04-11 16:41:54,643+0530 INFO  [jetty-main-1]  org.sonatype.nexus.kazuki.KazukiPlugin - Kazuki version: 0.1.8
jvm 1    | 2018-04-11 16:41:57,627+0530 INFO  [jetty-main-1]  org.sonatype.nexus.proxy.registry.DefaultRepositoryTypeRegistry - Registered Repository type RepositoryType=(org.sonatype.nexus.proxy.repository.ShadowRepository:nuget-shadow).
jvm 1    | 2018-04-11 16:41:57,627+0530 INFO  [jetty-main-1]  org.sonatype.nexus.proxy.registry.DefaultRepositoryTypeRegistry - Registered Repository type RepositoryType=(org.sonatype.nexus.proxy.repository.GroupRepository:nuget-group).
jvm 1    | 2018-04-11 16:41:57,627+0530 INFO  [jetty-main-1]  org.sonatype.nexus.proxy.registry.DefaultRepositoryTypeRegistry - Registered Repository type RepositoryType=(org.sonatype.nexus.proxy.repository.Repository:nuget-proxy).
jvm 1    | 2018-04-11 16:41:57,816+0530 INFO  [jetty-main-1]  org.sonatype.nexus.proxy.registry.DefaultRepositoryTypeRegistry - Registered Repository type RepositoryType=(org.sonatype.nexus.proxy.repository.GroupRepository:npm-group).
jvm 1    | 2018-04-11 16:41:57,816+0530 INFO  [jetty-main-1]  org.sonatype.nexus.proxy.registry.DefaultRepositoryTypeRegistry - Registered Repository type RepositoryType=(org.sonatype.nexus.proxy.repository.Repository:npm-proxy).
jvm 1    | 2018-04-11 16:41:57,816+0530 INFO  [jetty-main-1]  org.sonatype.nexus.proxy.registry.DefaultRepositoryTypeRegistry - Registered Repository type RepositoryType=(org.sonatype.nexus.proxy.repository.Repository:npm-hosted).
jvm 1    | 2018-04-11 16:41:58,768+0530 INFO  [jetty-main-1]  org.sonatype.nexus.proxy.registry.DefaultRepositoryTypeRegistry - Registered Repository type RepositoryType=(org.sonatype.nexus.proxy.repository.GroupRepository:rubygems-group).
jvm 1    | 2018-04-11 16:41:58,768+0530 INFO  [jetty-main-1]  org.sonatype.nexus.proxy.registry.DefaultRepositoryTypeRegistry - Registered Repository type RepositoryType=(org.sonatype.nexus.proxy.repository.Repository:rubygems-proxy).
jvm 1    | 2018-04-11 16:41:58,780+0530 INFO  [jetty-main-1]  org.sonatype.nexus.proxy.registry.DefaultRepositoryTypeRegistry - Registered Repository type RepositoryType=(org.sonatype.nexus.proxy.repository.Repository:rubygems-hosted).
jvm 1    | 2018-04-11 16:42:00,660+0530 INFO  [jetty-main-1]  org.sonatype.nexus.proxy.registry.DefaultRepositoryTypeRegistry - Registered Repository type RepositoryType=(org.sonatype.nexus.proxy.repository.WebSiteRepository:site).
jvm 1    | 2018-04-11 16:42:01,507+0530 INFO  [jetty-main-1]  org.sonatype.nexus.NxApplication - Plugin manager request "ACTIVATE" on plugin "org.sonatype.nexus.plugins:nexus-rutauth-plugin:2.14.8-01" was successful.
jvm 1    | 2018-04-11 16:42:01,507+0530 INFO  [jetty-main-1]  org.sonatype.nexus.NxApplication - Plugin manager request "ACTIVATE" on plugin "org.sonatype.nexus.plugins:nexus-webresources-plugin:2.14.8-01" was successful.
jvm 1    | 2018-04-11 16:42:01,507+0530 INFO  [jetty-main-1]  org.sonatype.nexus.NxApplication - Plugin manager request "ACTIVATE" on plugin "org.sonatype.nexus.plugins:nexus-restlet1x-plugin:2.14.8-01" was successful.
jvm 1    | 2018-04-11 16:42:01,507+0530 INFO  [jetty-main-1]  org.sonatype.nexus.NxApplication - Plugin manager request "ACTIVATE" on plugin "org.sonatype.nexus.plugins:nexus-groovy-plugin:2.14.8-01" was successful.
jvm 1    | 2018-04-11 16:42:01,507+0530 INFO  [jetty-main-1]  org.sonatype.nexus.NxApplication - Plugin manager request "ACTIVATE" on plugin "org.sonatype.nexus.plugins:nexus-maven-bridge-plugin:2.14.8-01" was successful.
jvm 1    | 2018-04-11 16:42:01,507+0530 INFO  [jetty-main-1]  org.sonatype.nexus.NxApplication - Plugin manager request "ACTIVATE" on plugin "org.sonatype.nexus.plugins:nexus-wonderland-plugin:2.14.8-01" was successful.
jvm 1    | 2018-04-11 16:42:01,507+0530 INFO  [jetty-main-1]  org.sonatype.nexus.NxApplication - Plugin manager request "ACTIVATE" on plugin "org.sonatype.nexus.plugins:nexus-yum-repository-plugin:2.14.8-01" was successful.
jvm 1    | 2018-04-11 16:42:01,507+0530 INFO  [jetty-main-1]  org.sonatype.nexus.NxApplication - Plugin manager request "ACTIVATE" on plugin "org.sonatype.nexus.plugins:nexus-orient-plugin:2.14.8-01" was successful.
jvm 1    | 2018-04-11 16:42:01,507+0530 INFO  [jetty-main-1]  org.sonatype.nexus.NxApplication - Plugin manager request "ACTIVATE" on plugin "com.sonatype.nexus.plugins:nexus-nuget-plugin:2.14.8-01" was successful.
jvm 1    | 2018-04-11 16:42:01,507+0530 INFO  [jetty-main-1]  org.sonatype.nexus.NxApplication - Plugin manager request "ACTIVATE" on plugin "org.sonatype.nexus.plugins:nexus-capabilities-plugin:2.14.8-01" was successful.
jvm 1    | 2018-04-11 16:42:01,507+0530 INFO  [jetty-main-1]  org.sonatype.nexus.NxApplication - Plugin manager request "ACTIVATE" on plugin "org.sonatype.nexus.plugins:nexus-npm-repository-plugin:2.14.8-01" was successful.
jvm 1    | 2018-04-11 16:42:01,507+0530 INFO  [jetty-main-1]  org.sonatype.nexus.NxApplication - Plugin manager request "ACTIVATE" on plugin "com.sonatype.nexus.plugins:nexus-iq-repository-oss-plugin:2.14.8-01" was successful.
jvm 1    | 2018-04-11 16:42:01,507+0530 INFO  [jetty-main-1]  org.sonatype.nexus.NxApplication - Plugin manager request "ACTIVATE" on plugin "com.sonatype.nexus.plugins:nexus-migrationagent-plugin:2.14.8-01" was successful.
jvm 1    | 2018-04-11 16:42:01,507+0530 INFO  [jetty-main-1]  org.sonatype.nexus.NxApplication - Plugin manager request "ACTIVATE" on plugin "org.sonatype.nexus.plugins:nexus-indexer-lucene-plugin:2.14.8-01" was successful.
jvm 1    | 2018-04-11 16:42:01,507+0530 INFO  [jetty-main-1]  org.sonatype.nexus.NxApplication - Plugin manager request "ACTIVATE" on plugin "org.sonatype.nexus.plugins:nexus-kazuki-plugin:2.14.8-01" was successful.
jvm 1    | 2018-04-11 16:42:01,507+0530 INFO  [jetty-main-1]  org.sonatype.nexus.NxApplication - Plugin manager request "ACTIVATE" on plugin "org.sonatype.nexus.plugins:nexus-site-repository-plugin:2.14.8-01" was successful.
jvm 1    | 2018-04-11 16:42:01,507+0530 INFO  [jetty-main-1]  org.sonatype.nexus.NxApplication - Plugin manager request "ACTIVATE" on plugin "org.sonatype.nexus.plugins:nexus-ldap-realm-plugin:2.14.8-01" was successful.
jvm 1    | 2018-04-11 16:42:01,507+0530 INFO  [jetty-main-1]  org.sonatype.nexus.NxApplication - Plugin manager request "ACTIVATE" on plugin "org.sonatype.nexus.plugins:nexus-plugin-console-plugin:2.14.8-01" was successful.
jvm 1    | 2018-04-11 16:42:01,507+0530 INFO  [jetty-main-1]  org.sonatype.nexus.NxApplication - Plugin manager request "ACTIVATE" on plugin "org.sonatype.nexus.plugins:nexus-timeline-plugin:2.14.8-01" was successful.
jvm 1    | 2018-04-11 16:42:01,507+0530 INFO  [jetty-main-1]  org.sonatype.nexus.NxApplication - Plugin manager request "ACTIVATE" on plugin "com.sonatype.nexus.plugins:nexus-analytics-plugin:2.14.8-01" was successful.
jvm 1    | 2018-04-11 16:42:01,507+0530 INFO  [jetty-main-1]  org.sonatype.nexus.NxApplication - Plugin manager request "ACTIVATE" on plugin "org.sonatype.nexus.plugins:nexus-ui-extjs3-plugin:2.14.8-01" was successful.
jvm 1    | 2018-04-11 16:42:01,507+0530 INFO  [jetty-main-1]  org.sonatype.nexus.NxApplication - Plugin manager request "ACTIVATE" on plugin "org.sonatype.nexus.plugins:nexus-siesta-plugin:2.14.8-01" was successful.
jvm 1    | 2018-04-11 16:42:01,507+0530 INFO  [jetty-main-1]  org.sonatype.nexus.NxApplication - Plugin manager request "ACTIVATE" on plugin "org.sonatype.nexus.plugins:nexus-rrb-plugin:2.14.8-01" was successful.
jvm 1    | 2018-04-11 16:42:01,507+0530 INFO  [jetty-main-1]  org.sonatype.nexus.NxApplication - Plugin manager request "ACTIVATE" on plugin "org.sonatype.nexus.plugins:nexus-atlas-plugin:2.14.8-01" was successful.
jvm 1    | 2018-04-11 16:42:01,507+0530 INFO  [jetty-main-1]  org.sonatype.nexus.NxApplication - Plugin manager request "ACTIVATE" on plugin "org.sonatype.nexus.plugins:nexus-archetype-plugin:2.14.8-01" was successful.
jvm 1    | 2018-04-11 16:42:01,507+0530 INFO  [jetty-main-1]  org.sonatype.nexus.NxApplication - Plugin manager request "ACTIVATE" on plugin "org.sonatype.nexus.plugins:nexus-ruby-plugin:2.14.8-01" was successful.
jvm 1    | 2018-04-11 16:42:01,508+0530 INFO  [jetty-main-1]  org.sonatype.nexus.NxApplication - Plugin manager request "ACTIVATE" on plugin "com.sonatype.nexus.plugins:nexus-outreach-plugin:2.14.8-01" was successful.
jvm 1    | 2018-04-11 16:42:01,508+0530 INFO  [jetty-main-1]  org.sonatype.nexus.NxApplication - Plugin manager request "ACTIVATE" on plugin "org.sonatype.nexus.plugins:nexus-logging-plugin:2.14.8-01" was successful.
jvm 1    | 2018-04-11 16:42:01,508+0530 INFO  [jetty-main-1]  org.sonatype.nexus.NxApplication - Plugin manager request "ACTIVATE" on plugin "org.sonatype.nexus.plugins:nexus-crypto-plugin:2.14.8-01" was successful.
jvm 1    | 2018-04-11 16:42:01,508+0530 INFO  [jetty-main-1]  org.sonatype.nexus.NxApplication - Plugin manager request "ACTIVATE" on plugin "org.sonatype.nexus.plugins:nexus-h2-plugin:2.14.8-01" was successful.
jvm 1    | 2018-04-11 16:42:01,508+0530 INFO  [jetty-main-1]  org.sonatype.nexus.NxApplication - Plugin manager request "ACTIVATE" on plugin "org.sonatype.nexus.plugins:nexus-content-plugin:2.14.8-01" was successful.
jvm 1    | 2018-04-11 16:42:01,508+0530 INFO  [jetty-main-1]  org.sonatype.nexus.NxApplication - Plugin manager request "ACTIVATE" on plugin "org.sonatype.nexus.plugins:nexus-lvo-plugin:2.14.8-01" was successful.
jvm 1    | 2018-04-11 16:42:01,508+0530 INFO  [jetty-main-1]  org.sonatype.nexus.events.EventSubscriberHost - Starting
jvm 1    | 2018-04-11 16:42:01,563+0530 INFO  [jetty-main-1]  org.sonatype.nexus.timeline.DefaultNexusTimeline - Initializing Nexus Timeline...
jvm 1    | 2018-04-11 16:42:01,567+0530 INFO  [jetty-main-1]  org.sonatype.nexus.timeline.DefaultNexusTimeline - Starting Nexus Timeline...
jvm 1    | 2018-04-11 16:42:01,834+0530 INFO  [jetty-main-1]  org.sonatype.timeline.internal.DefaultTimeline - Started Timeline...
jvm 1    | 2018-04-11 16:42:02,410+0530 INFO  [jetty-main-1]  org.sonatype.nexus.apachehttpclient.Hc4ProviderImpl - Started (connectionPoolMaxSize 200, connectionPoolSize 20, connectionPoolIdleTime 30000 ms, connectionPoolTimeout 30000 ms, keepAliveMaxDuration 30000 ms)
jvm 1    | 2018-04-11 16:42:03,446+0530 INFO  [jetty-main-1]  org.sonatype.nexus.orient.DatabaseServerImpl - OrientDB version: 2.1.14
jvm 1    | 2018-04-11 16:42:03,468+0530 INFO  [jetty-main-1]  com.orientechnologies.orient.server.OServer - OrientDB Server v2.1.14 is starting up...
jvm 1    | 2018-04-11 16:42:03,479+0530 INFO  [jetty-main-1]  com.orientechnologies.orient.server.OServer - Databases directory: /my-app/sonatype-work/nexus/db
jvm 1    | 2018-04-11 16:42:03,499+0530 INFO  [jetty-main-1]  com.orientechnologies.orient.server.handler.OJMXPlugin - JMX plugin installed and active: profilerManaged=true
jvm 1    | 2018-04-11 16:42:03,500+0530 INFO  [jetty-main-1]  com.orientechnologies.orient.server.OServer - OrientDB Server v2.1.14 is active.
jvm 1    | 2018-04-11 16:42:03,500+0530 INFO  [jetty-main-1]  org.sonatype.nexus.orient.DatabaseServerImpl - Activated
jvm 1    | 2018-04-11 16:42:03,500+0530 INFO  [jetty-main-1]  org.sonatype.nexus.configuration.application.DefaultNexusConfiguration - Loading Nexus Configuration...
jvm 1    | 2018-04-11 16:42:03,520+0530 INFO  [jetty-main-1]  org.sonatype.nexus.configuration.source.StaticConfigurationSource - Configuration loaded successfully.
jvm 1    | 2018-04-11 16:42:03,520+0530 WARN  [jetty-main-1]  org.sonatype.nexus.configuration.source.FileConfigurationSource - No configuration file in place, copying the default one and continuing with it.
jvm 1    | 2018-04-11 16:42:03,689+0530 INFO  [jetty-main-1]  org.sonatype.nexus.configuration.source.FileConfigurationSource - Configuration loaded successfully.
jvm 1    | 2018-04-11 16:42:03,731+0530 INFO  [jetty-main-1]  org.sonatype.nexus.configuration.source.FileConfigurationSource - Nexus configuration validated successfully.
jvm 1    | 2018-04-11 16:42:03,787+0530 INFO  [jetty-main-1]  org.sonatype.nexus.configuration.application.DefaultNexusConfiguration - Applying Nexus Configuration...
jvm 1    | 2018-04-11 16:42:03,797+0530 INFO  [jetty-main-1]  org.sonatype.security.configuration.source.FileSecurityConfigurationSource - Loading Security configuration from /my-app/nexus-2.14.8-01/../sonatype-work/nexus/conf/security-configuration.xml
jvm 1    | 2018-04-11 16:42:03,801+0530 INFO  [jetty-main-1]  org.apache.shiro.cache.ehcache.EhCacheManager - Cache with name 'XmlAuthenticatingRealm.authorizationCache' does not yet exist.  Creating now.
jvm 1    | 2018-04-11 16:42:03,820+0530 INFO  [jetty-main-1]  org.apache.shiro.cache.ehcache.EhCacheManager - Added EhCache named [XmlAuthenticatingRealm.authorizationCache]
jvm 1    | 2018-04-11 16:42:03,821+0530 INFO  [jetty-main-1]  org.apache.shiro.cache.ehcache.EhCacheManager - Cache with name 'XmlAuthorizingRealm.authorizationCache' does not yet exist.  Creating now.
jvm 1    | 2018-04-11 16:42:03,822+0530 INFO  [jetty-main-1]  org.apache.shiro.cache.ehcache.EhCacheManager - Added EhCache named [XmlAuthorizingRealm.authorizationCache]
jvm 1    | 2018-04-11 16:42:03,847+0530 INFO  [jetty-main-1]  org.sonatype.nexus.proxy.attributes.DefaultLSAttributeStorage - Default FS AttributeStorage in place, using JacksonJSON marshaller. 
jvm 1    | 2018-04-11 16:42:04,311+0530 INFO  [jetty-main-1]  org.sonatype.nexus.proxy.registry.DefaultRepositoryRegistry - Added repository "Central" [id=central][contentClass=Maven2][mainFacet=org.sonatype.nexus.proxy.maven.MavenProxyRepository]
jvm 1    | 2018-04-11 16:42:04,401+0530 INFO  [jetty-main-1]  org.sonatype.nexus.proxy.registry.DefaultRepositoryRegistry - Added repository "Apache Snapshots" [id=apache-snapshots][contentClass=Maven2][mainFacet=org.sonatype.nexus.proxy.maven.MavenProxyRepository]
jvm 1    | 2018-04-11 16:42:04,491+0530 INFO  [jetty-main-1]  org.sonatype.nexus.proxy.registry.DefaultRepositoryRegistry - Added repository "Releases" [id=releases][contentClass=Maven2][mainFacet=org.sonatype.nexus.proxy.maven.MavenHostedRepository]
jvm 1    | 2018-04-11 16:42:04,579+0530 INFO  [jetty-main-1]  org.sonatype.nexus.proxy.registry.DefaultRepositoryRegistry - Added repository "Snapshots" [id=snapshots][contentClass=Maven2][mainFacet=org.sonatype.nexus.proxy.maven.MavenHostedRepository]
jvm 1    | 2018-04-11 16:42:04,669+0530 INFO  [jetty-main-1]  org.sonatype.nexus.proxy.registry.DefaultRepositoryRegistry - Added repository "3rd party" [id=thirdparty][contentClass=Maven2][mainFacet=org.sonatype.nexus.proxy.maven.MavenHostedRepository]
jvm 1    | 2018-04-11 16:42:04,699+0530 INFO  [jetty-main-1]  org.sonatype.nexus.proxy.registry.DefaultRepositoryRegistry - Added repository "Central M1 shadow" [id=central-m1][contentClass=Maven1][mainFacet=org.sonatype.nexus.proxy.maven.MavenShadowRepository]
jvm 1    | 2018-04-11 16:42:04,737+0530 INFO  [jetty-main-1]  org.sonatype.nexus.proxy.registry.DefaultRepositoryRegistry - Added repository "Public Repositories" [id=public][contentClass=Maven2][mainFacet=org.sonatype.nexus.proxy.repository.GroupRepository]
jvm 1    | 2018-04-11 16:42:04,737+0530 INFO  [jetty-main-1]  org.sonatype.scheduling.DefaultScheduler - Initializing Scheduler...
jvm 1    | 2018-04-11 16:42:04,737+0530 INFO  [jetty-main-1]  org.sonatype.nexus.scheduling.internal.DefaultTaskConfigManager - 0 task(s) to load.
jvm 1    | 2018-04-11 16:42:04,737+0530 INFO  [jetty-main-1]  org.sonatype.nexus.NxApplication - This is 1st start of new Nexus instance.
jvm 1    | 2018-04-11 16:42:04,737+0530 INFO  [jetty-main-1]  org.sonatype.nexus.NxApplication - Nexus Work Directory : /my-app/sonatype-work/nexus
jvm 1    | 2018-04-11 16:42:04,737+0530 INFO  [jetty-main-1]  org.sonatype.nexus.NxApplication - Started Nexus Repository Manager OSS 2.14.8-01
jvm 1    | 2018-04-11 16:42:05,270+0530 INFO  [pxpool-1-thread-1] *TASK org.sonatype.nexus.index.tasks.UpdateIndexTask - Scheduled task (UpdateIndexTask) started :: Updating repository index "Public Repositories" from path null and below.
jvm 1    | 2018-04-11 16:42:05,333+0530 INFO  [jetty-main-1]  com.sonatype.nexus.plugins.nuget.odata.NugetODataGalleryMigrator - Starting Nuget DB migration.
jvm 1    | 2018-04-11 16:42:05,335+0530 INFO  [jetty-main-1]  com.sonatype.nexus.plugins.nuget.odata.NugetODataGalleryMigrator - Starting Nuget DB migration to version 1
jvm 1    | 2018-04-11 16:42:05,358+0530 INFO  [jetty-main-1]  com.sonatype.nexus.plugins.nuget.odata.NugetODataGalleryMigrator - Completed Nuget DB migration to version 1
jvm 1    | 2018-04-11 16:42:05,358+0530 INFO  [jetty-main-1]  com.sonatype.nexus.plugins.nuget.odata.NugetODataGalleryMigrator - Starting Nuget DB migration to version 2
jvm 1    | 2018-04-11 16:42:05,359+0530 INFO  [jetty-main-1]  com.sonatype.nexus.plugins.nuget.odata.NugetODataGalleryMigrator - Completed Nuget DB migration to version 2
jvm 1    | 2018-04-11 16:42:05,359+0530 INFO  [jetty-main-1]  com.sonatype.nexus.plugins.nuget.odata.NugetODataGalleryMigrator - Starting Nuget DB migration to version 3
jvm 1    | 2018-04-11 16:42:05,360+0530 INFO  [jetty-main-1]  com.sonatype.nexus.plugins.nuget.odata.NugetODataGalleryMigrator - Completed Nuget DB migration to version 3
jvm 1    | 2018-04-11 16:42:05,360+0530 INFO  [jetty-main-1]  com.sonatype.nexus.plugins.nuget.odata.NugetODataGalleryMigrator - Starting Nuget DB migration to version 4
jvm 1    | 2018-04-11 16:42:05,363+0530 INFO  [jetty-main-1]  com.sonatype.nexus.plugins.nuget.odata.NugetODataGalleryMigrator - Completed Nuget DB migration to version 4
jvm 1    | 2018-04-11 16:42:05,367+0530 INFO  [jetty-main-1]  com.sonatype.nexus.plugins.nuget.odata.NugetODataGalleryMigrator - Starting Nuget DB migration to version 5
jvm 1    | 2018-04-11 16:42:05,370+0530 INFO  [jetty-main-1]  com.sonatype.nexus.plugins.nuget.odata.NugetODataGalleryMigrator - Completed Nuget DB migration to version 5
jvm 1    | 2018-04-11 16:42:05,371+0530 INFO  [jetty-main-1]  com.sonatype.nexus.plugins.nuget.odata.NugetODataGalleryMigrator - Starting Nuget DB migration to version 6
jvm 1    | 2018-04-11 16:42:05,372+0530 INFO  [jetty-main-1]  com.sonatype.nexus.plugins.nuget.odata.NugetODataGalleryMigrator - Completed Nuget DB migration to version 6
jvm 1    | 2018-04-11 16:42:05,372+0530 INFO  [jetty-main-1]  com.sonatype.nexus.plugins.nuget.odata.NugetODataGalleryMigrator - Starting Nuget DB migration to version 7
jvm 1    | 2018-04-11 16:42:05,378+0530 INFO  [jetty-main-1]  com.sonatype.nexus.plugins.nuget.odata.NugetODataGalleryMigrator - Completed Nuget DB migration to version 7
jvm 1    | 2018-04-11 16:42:05,379+0530 INFO  [jetty-main-1]  com.sonatype.nexus.plugins.nuget.odata.NugetODataGalleryMigrator - Starting Nuget DB migration to version 8
jvm 1    | 2018-04-11 16:42:05,379+0530 INFO  [jetty-main-1]  com.sonatype.nexus.plugins.nuget.odata.NugetODataGalleryMigrator - Completed Nuget DB migration to version 8
jvm 1    | 2018-04-11 16:42:05,380+0530 INFO  [jetty-main-1]  com.sonatype.nexus.plugins.nuget.odata.NugetODataGalleryMigrator - Starting Nuget DB migration to version 9
jvm 1    | 2018-04-11 16:42:05,380+0530 INFO  [jetty-main-1]  com.sonatype.nexus.plugins.nuget.odata.NugetODataGalleryMigrator - Completed Nuget DB migration to version 9
jvm 1    | 2018-04-11 16:42:05,380+0530 INFO  [jetty-main-1]  com.sonatype.nexus.plugins.nuget.odata.NugetODataGalleryMigrator - Completed Nuget DB migration.
jvm 1    | 2018-04-11 16:42:05,441+0530 INFO  [pxpool-1-thread-1] *TASK org.sonatype.nexus.index.NexusScanningListener - Scanning of repositoryID="releases" started.
jvm 1    | 2018-04-11 16:42:05,562+0530 INFO  [jetty-main-1]  org.sonatype.nexus.proxy.targets.DefaultTargetRegistryEventInspector - Adding default target for site content class
jvm 1    | 2018-04-11 16:42:05,562+0530 INFO  [jetty-main-1]  org.sonatype.nexus.proxy.targets.DefaultTargetRegistryEventInspector - Adding default target for npm content class
jvm 1    | 2018-04-11 16:42:05,562+0530 INFO  [jetty-main-1]  org.sonatype.nexus.proxy.targets.DefaultTargetRegistryEventInspector - Adding default target for nuget content class
jvm 1    | 2018-04-11 16:42:05,562+0530 INFO  [jetty-main-1]  org.sonatype.nexus.proxy.targets.DefaultTargetRegistryEventInspector - Adding default target for rubygems content class
jvm 1    | 2018-04-11 16:42:05,563+0530 INFO  [jetty-main-1]  org.sonatype.nexus.configuration.application.DefaultNexusConfiguration - Applying Nexus Configuration due to changes in [Repository Target Registry]...
jvm 1    | 2018-04-11 16:42:05,594+0530 INFO  [ar-7-thread-2] *TASK org.sonatype.nexus.proxy.maven.routing.internal.ManagerImpl - Updated and published prefix file of "Snapshots" [id=snapshots]
jvm 1    | 2018-04-11 16:42:05,600+0530 INFO  [ar-7-thread-4] *TASK org.sonatype.nexus.proxy.maven.routing.internal.ManagerImpl - Updated and published prefix file of "Releases" [id=releases]
jvm 1    | 2018-04-11 16:42:05,619+0530 INFO  [ar-7-thread-1] *TASK org.sonatype.nexus.proxy.maven.routing.internal.ManagerImpl - Updated and published prefix file of "3rd party" [id=thirdparty]
jvm 1    | 2018-04-11 16:42:05,764+0530 INFO  [jetty-main-1]  org.sonatype.nexus.webapp.WebappBootstrap - Initialized
jvm 1    | 2018-04-11 16:42:05,866+0530 INFO  [pxpool-1-thread-1] *TASK org.sonatype.nexus.index.NexusScanningListener - Scanning of repositoryID="releases" finished: scanned=0, added=0, updated=0, removed=0, scanningDuration=0:00:00.414
jvm 1    | 2018-04-11 16:42:05,923+0530 INFO  [pxpool-1-thread-1] *TASK org.sonatype.nexus.index.DefaultIndexerManager - Publishing index for repository releases
jvm 1    | [INFO] Unable to read properties file, will force index regeneration
jvm 1    | 2018-04-11 16:42:05,998+0530 INFO  [jetty-main-1]  org.sonatype.nexus.rest.NexusApplication_UriMatching - Strict URI matching: true
jvm 1    | 2018-04-11 16:42:06,108+0530 INFO  [pxpool-1-thread-1] *TASK org.sonatype.nexus.index.NexusScanningListener - Scanning of repositoryID="snapshots" started.
jvm 1    | 2018-04-11 16:42:06,134+0530 INFO  [jetty-main-1]  org.sonatype.nexus.configuration.ModelUtils - Loading model /my-app/sonatype-work/nexus/conf/lvo-plugin.xml
jvm 1    | 2018-04-11 16:42:06,198+0530 INFO  [jetty-main-1]  org.sonatype.nexus.configuration.ModelUtils - Loading model /my-app/sonatype-work/nexus/conf/ldap.xml
jvm 1    | 2018-04-11 16:42:06,204+0530 INFO  [pxpool-1-thread-1] *TASK org.sonatype.nexus.index.NexusScanningListener - Scanning of repositoryID="snapshots" finished: scanned=0, added=0, updated=0, removed=0, scanningDuration=0:00:00.096
jvm 1    | 2018-04-11 16:42:06,238+0530 INFO  [pxpool-1-thread-1] *TASK org.sonatype.nexus.index.DefaultIndexerManager - Publishing index for repository snapshots
jvm 1    | [INFO] Unable to read properties file, will force index regeneration
jvm 1    | 2018-04-11 16:42:06,287+0530 INFO  [pxpool-1-thread-1] *TASK org.sonatype.nexus.index.NexusScanningListener - Scanning of repositoryID="thirdparty" started.
jvm 1    | 2018-04-11 16:42:06,488+0530 INFO  [pxpool-1-thread-1] *TASK org.sonatype.nexus.index.NexusScanningListener - Scanning of repositoryID="thirdparty" finished: scanned=0, added=0, updated=0, removed=0, scanningDuration=0:00:00.200
jvm 1    | 2018-04-11 16:42:06,521+0530 INFO  [pxpool-1-thread-1] *TASK org.sonatype.nexus.index.DefaultIndexerManager - Publishing index for repository thirdparty
jvm 1    | [INFO] Unable to read properties file, will force index regeneration
jvm 1    | 2018-04-11 16:42:06,561+0530 INFO  [jetty-main-1]  org.sonatype.nexus.plugins.siesta.SiestaModule - Resources:
jvm 1    | 2018-04-11 16:42:06,561+0530 INFO  [jetty-main-1]  org.sonatype.nexus.plugins.siesta.SiestaModule -   /service/siesta/analytics/events
jvm 1    | 2018-04-11 16:42:06,561+0530 INFO  [jetty-main-1]  org.sonatype.nexus.plugins.siesta.SiestaModule -   /service/siesta/analytics/settings
jvm 1    | 2018-04-11 16:42:06,561+0530 INFO  [jetty-main-1]  org.sonatype.nexus.plugins.siesta.SiestaModule -   /service/siesta/atlas/security-diagnostic
jvm 1    | 2018-04-11 16:42:06,561+0530 INFO  [jetty-main-1]  org.sonatype.nexus.plugins.siesta.SiestaModule -   /service/siesta/atlas/support-zip
jvm 1    | 2018-04-11 16:42:06,561+0530 INFO  [jetty-main-1]  org.sonatype.nexus.plugins.siesta.SiestaModule -   /service/siesta/atlas/system-information
jvm 1    | 2018-04-11 16:42:06,561+0530 INFO  [jetty-main-1]  org.sonatype.nexus.plugins.siesta.SiestaModule -   /service/siesta/capabilities
jvm 1    | 2018-04-11 16:42:06,561+0530 INFO  [jetty-main-1]  org.sonatype.nexus.plugins.siesta.SiestaModule -   /service/siesta/capabilities/stores
jvm 1    | 2018-04-11 16:42:06,561+0530 INFO  [jetty-main-1]  org.sonatype.nexus.plugins.siesta.SiestaModule -   /service/siesta/capabilities/types
jvm 1    | 2018-04-11 16:42:06,561+0530 INFO  [jetty-main-1]  org.sonatype.nexus.plugins.siesta.SiestaModule -   /service/siesta/clm
jvm 1    | 2018-04-11 16:42:06,561+0530 INFO  [jetty-main-1]  org.sonatype.nexus.plugins.siesta.SiestaModule -   /service/siesta/clm/applications
jvm 1    | 2018-04-11 16:42:06,561+0530 INFO  [jetty-main-1]  org.sonatype.nexus.plugins.siesta.SiestaModule -   /service/siesta/clm/firewall
jvm 1    | 2018-04-11 16:42:06,561+0530 INFO  [jetty-main-1]  org.sonatype.nexus.plugins.siesta.SiestaModule -   /service/siesta/healthcheck/gaDetails
jvm 1    | 2018-04-11 16:42:06,561+0530 INFO  [jetty-main-1]  org.sonatype.nexus.plugins.siesta.SiestaModule -   /service/siesta/healthcheck/gavDetails
jvm 1    | 2018-04-11 16:42:06,561+0530 INFO  [jetty-main-1]  org.sonatype.nexus.plugins.siesta.SiestaModule -   /service/siesta/healthcheck/healthCheckEula
jvm 1    | 2018-04-11 16:42:06,561+0530 INFO  [jetty-main-1]  org.sonatype.nexus.plugins.siesta.SiestaModule -   /service/siesta/healthcheck/healthCheckInfo
jvm 1    | 2018-04-11 16:42:06,561+0530 INFO  [jetty-main-1]  org.sonatype.nexus.plugins.siesta.SiestaModule -   /service/siesta/healthcheck/healthCheckStatus
jvm 1    | 2018-04-11 16:42:06,561+0530 INFO  [jetty-main-1]  org.sonatype.nexus.plugins.siesta.SiestaModule -   /service/siesta/healthcheck/healthCheckSummary/{repositoryId}/{path:.*}
jvm 1    | 2018-04-11 16:42:06,561+0530 INFO  [jetty-main-1]  org.sonatype.nexus.plugins.siesta.SiestaModule -   /service/siesta/logging/log
jvm 1    | 2018-04-11 16:42:06,561+0530 INFO  [jetty-main-1]  org.sonatype.nexus.plugins.siesta.SiestaModule -   /service/siesta/logging/loggers
jvm 1    | 2018-04-11 16:42:06,561+0530 INFO  [jetty-main-1]  org.sonatype.nexus.plugins.siesta.SiestaModule -   /service/siesta/migrationagent/configuration
jvm 1    | 2018-04-11 16:42:06,562+0530 INFO  [jetty-main-1]  org.sonatype.nexus.plugins.siesta.SiestaModule -   /service/siesta/migrationagent/repository
jvm 1    | 2018-04-11 16:42:06,562+0530 INFO  [jetty-main-1]  org.sonatype.nexus.plugins.siesta.SiestaModule -   /service/siesta/migrationagent/repository-changelog
jvm 1    | 2018-04-11 16:42:06,562+0530 INFO  [jetty-main-1]  org.sonatype.nexus.plugins.siesta.SiestaModule -   /service/siesta/migrationagent/repository-content
jvm 1    | 2018-04-11 16:42:06,562+0530 INFO  [jetty-main-1]  org.sonatype.nexus.plugins.siesta.SiestaModule -   /service/siesta/migrationagent/repository-migration
jvm 1    | 2018-04-11 16:42:06,562+0530 INFO  [jetty-main-1]  org.sonatype.nexus.plugins.siesta.SiestaModule -   /service/siesta/migrationagent/status
jvm 1    | 2018-04-11 16:42:06,562+0530 INFO  [jetty-main-1]  org.sonatype.nexus.plugins.siesta.SiestaModule -   /service/siesta/wonderland/authenticate
jvm 1    | 2018-04-11 16:42:06,562+0530 INFO  [jetty-main-1]  org.sonatype.nexus.plugins.siesta.SiestaModule -   /service/siesta/wonderland/download
jvm 1    | 2018-04-11 16:42:06,562+0530 INFO  [jetty-main-1]  org.sonatype.nexus.plugins.siesta.SiestaModule -   /service/siesta/wonderland/settings
jvm 1    | 2018-04-11 16:42:06,562+0530 INFO  [jetty-main-1]  org.sonatype.nexus.plugins.siesta.SiestaModule - Components:
jvm 1    | 2018-04-11 16:42:06,562+0530 INFO  [jetty-main-1]  org.sonatype.nexus.plugins.siesta.SiestaModule -   org.sonatype.nexus.plugins.capabilities.internal.rest.CapabilityNotFoundExceptionMapper
jvm 1    | 2018-04-11 16:42:06,562+0530 INFO  [jetty-main-1]  org.sonatype.nexus.plugins.siesta.SiestaModule -   org.sonatype.nexus.plugins.siesta.AuthorizationExceptionMapper
jvm 1    | 2018-04-11 16:42:06,562+0530 INFO  [jetty-main-1]  org.sonatype.nexus.plugins.siesta.SiestaModule -   org.sonatype.nexus.plugins.siesta.ErrorStatusRuntimeExceptionMapper
jvm 1    | 2018-04-11 16:42:06,562+0530 INFO  [jetty-main-1]  org.sonatype.nexus.plugins.siesta.SiestaModule -   org.sonatype.nexus.plugins.siesta.InvalidConfigurationExceptionMapper
jvm 1    | 2018-04-11 16:42:06,562+0530 INFO  [jetty-main-1]  org.sonatype.nexus.plugins.siesta.SiestaModule -   org.sonatype.nexus.plugins.siesta.NoSuchRepositoryExceptionMapper
jvm 1    | 2018-04-11 16:42:06,562+0530 INFO  [jetty-main-1]  org.sonatype.nexus.plugins.siesta.SiestaModule -   org.sonatype.sisu.siesta.jackson.JacksonProvider
jvm 1    | 2018-04-11 16:42:06,562+0530 INFO  [jetty-main-1]  org.sonatype.nexus.plugins.siesta.SiestaModule -   org.sonatype.sisu.siesta.server.internal.mappers.BadRequestExceptionMapper
jvm 1    | 2018-04-11 16:42:06,562+0530 INFO  [jetty-main-1]  org.sonatype.nexus.plugins.siesta.SiestaModule -   org.sonatype.sisu.siesta.server.internal.mappers.ConstraintViolationExceptionMapper
jvm 1    | 2018-04-11 16:42:06,562+0530 INFO  [jetty-main-1]  org.sonatype.nexus.plugins.siesta.SiestaModule -   org.sonatype.sisu.siesta.server.internal.mappers.InvalidObjectExceptionMapper
jvm 1    | 2018-04-11 16:42:06,562+0530 INFO  [jetty-main-1]  org.sonatype.nexus.plugins.siesta.SiestaModule -   org.sonatype.sisu.siesta.server.internal.mappers.ObjectNotFoundExceptionMapper
jvm 1    | 2018-04-11 16:42:06,562+0530 INFO  [jetty-main-1]  org.sonatype.nexus.plugins.siesta.SiestaModule -   org.sonatype.sisu.siesta.server.internal.mappers.ThrowableExceptionMapper
jvm 1    | 2018-04-11 16:42:06,562+0530 INFO  [jetty-main-1]  org.sonatype.nexus.plugins.siesta.SiestaModule -   org.sonatype.sisu.siesta.server.internal.mappers.ValidationErrorsExceptionMapper
jvm 1    | 2018-04-11 16:42:06,562+0530 INFO  [jetty-main-1]  org.sonatype.nexus.plugins.siesta.SiestaModule -   org.sonatype.sisu.siesta.server.internal.mappers.WebApplicationExceptionMapper
jvm 1    | 2018-04-11 16:42:06,562+0530 INFO  [jetty-main-1]  org.sonatype.nexus.plugins.siesta.SiestaModule -   org.sonatype.sisu.siesta.server.internal.mappers.WebApplicationMessageExceptionMapper
jvm 1    | 2018-04-11 16:42:06,602+0530 INFO  [pxpool-1-thread-1] *TASK org.sonatype.nexus.index.NexusScanningListener - Scanning of repositoryID="central" started.
jvm 1    | 2018-04-11 16:42:06,672+0530 INFO  [pxpool-1-thread-1] *TASK org.sonatype.nexus.index.NexusScanningListener - Scanning of repositoryID="central" finished: scanned=0, added=0, updated=0, removed=0, scanningDuration=0:00:00.070
jvm 1    | 2018-04-11 16:42:06,693+0530 INFO  [pxpool-1-thread-1] *TASK org.sonatype.nexus.index.DefaultIndexerManager - Publishing index for repository central
jvm 1    | [INFO] Unable to read properties file, will force index regeneration
jvm 1    | 2018-04-11 16:42:06,849+0530 INFO  [pxpool-1-thread-1] *TASK org.sonatype.nexus.index.DefaultIndexerManager - Publishing index for repository public
jvm 1    | [INFO] Unable to read properties file, will force index regeneration
jvm 1    | 2018-04-11 16:42:06,876+0530 INFO  [pxpool-1-thread-1] *TASK org.sonatype.nexus.index.tasks.UpdateIndexTask - Scheduled task (UpdateIndexTask) finished :: Updating repository index "Public Repositories" from path null and below. (started 2018-04-11T16:42:05+05:30, runtime 0:00:01.605)
jvm 1    | 2018-04-11 16:42:06,946+0530 INFO  [pxpool-1-thread-1] *TASK org.sonatype.nexus.configuration.application.DefaultNexusConfiguration - Applying Nexus Configuration due to changes in [Scheduled Tasks] made by *TASK...
jvm 1    | 2018-04-11 16:42:07,210+0530 INFO  [ar-7-thread-5] *TASK org.sonatype.nexus.proxy.storage.remote.httpclient.HttpClientRemoteStorage - Initializing remote transport for proxy repository "Apache Snapshots" [id=apache-snapshots]...
jvm 1    | 2018-04-11 16:42:07,608+0530 INFO  [jetty-main-1]  org.sonatype.nexus.webresources.internal.WebResourceServiceImpl - Discovered 1978 resources
jvm 1    | 2018-04-11 16:42:07,609+0530 INFO  [jetty-main-1]  org.sonatype.nexus.webresources.internal.WebResourceServlet - Max-age: 30 days (2592000 seconds)
jvm 1    | 2018-04-11 16:42:07,729+0530 INFO  [ar-7-thread-3] *TASK org.sonatype.nexus.proxy.storage.remote.httpclient.HttpClientRemoteStorage - Initializing remote transport for proxy repository "Central" [id=central]...
jvm 1    | 2018-04-11 16:42:07,776+0530 INFO  [jetty-main-1]  org.sonatype.nexus.bootstrap.jetty.InstrumentedSelectChannelConnector - Metrics enabled
jvm 1    | 2018-04-11 16:42:07,793+0530 INFO  [jetty-main-1]  org.eclipse.jetty.server.AbstractConnector - Started InstrumentedSelectChannelConnector@0.0.0.0:8081
jvm 1    | 2018-04-11 16:42:07,793+0530 INFO  [jetty-main-1]  org.sonatype.nexus.bootstrap.jetty.JettyServer - Running
jvm 1    | 2018-04-11 16:42:07,793+0530 INFO  [WrapperListener_start_runner]  org.sonatype.nexus.bootstrap.jetty.JettyServer - Started
jvm 1    | 2018-04-11 16:42:08,827+0530 INFO  [ar-7-thread-3] *TASK org.sonatype.nexus.proxy.maven.routing.internal.ManagerImpl - Updated and published prefix file of "Public Repositories" [id=public]
jvm 1    | 2018-04-11 16:47:55,481+0530 INFO  [qtp1409298260-59]  org.apache.shiro.nexus5727.FixedDefaultWebSessionManager - Global session timeout: 1800000 ms
jvm 1    | 2018-04-11 16:47:55,482+0530 INFO  [qtp1409298260-59]  org.apache.shiro.session.mgt.AbstractValidatingSessionManager - Enabling session validation scheduler...
jvm 1    | 2018-04-11 16:47:55,530+0530 INFO  [qtp1409298260-59] *UNKNOWN org.sonatype.nexus.velocity.VelocityEngineProvider - Creating Nexus VelocityEngine
jvm 1    | 2018-04-11 16:47:56,676+0530 INFO  [qtp1409298260-59] *UNKNOWN /nexus - nexus: [Noelios Restlet Engine] - Attaching application: org.sonatype.nexus.rest.NexusApplication@7c7bce6d to URI: /nexus/service/local
jvm 1    | 2018-04-11 16:47:56,805+0530 WARN  [qtp1409298260-61] *UNKNOWN org.sonatype.security.model.source.FileModelConfigurationSource - No configuration file in place, copying the default one and continuing with it.
jvm 1    | 2018-04-11 16:47:56,818+0530 INFO  [qtp1409298260-61] *UNKNOWN org.sonatype.security.model.source.FileModelConfigurationSource - Loading security configuration from: /my-app/nexus-2.14.8-01/../sonatype-work/nexus/conf/security.xml
jvm 1    | 2018-04-11 16:49:15,139+0530 INFO  [qtp1409298260-61] *UNKNOWN org.apache.shiro.cache.ehcache.EhCacheManager - Using existing EHCache named [shiro-activeSessionCache]
jvm 1    | 2018-04-11 16:49:19,598+0530 INFO  [qtp1409298260-59] admin java.util.prefs - Created user preferences directory.
jvm 1    | 2018-04-11 17:47:55,482+0530 INFO  [SessionValidationThread-1]  org.apache.shiro.session.mgt.AbstractValidatingSessionManager - Validating all active sessions...
jvm 1    | 2018-04-11 17:47:55,488+0530 INFO  [SessionValidationThread-1]  org.apache.shiro.session.mgt.AbstractValidatingSessionManager - Finished session validation.  No sessions were stopped.
jvm 1    | 2018-04-11 18:25:46,629+0530 INFO  [qtp1409298260-59] admin org.sonatype.nexus.rest.artifact.ArtifactContentPlexusResource - Artifact version 1.0-SNAPSHOT and M2Repository(id=releases) Repository Policy RELEASE mismatch
jvm 1    | 2018-04-11 18:47:55,483+0530 INFO  [SessionValidationThread-1]  org.apache.shiro.session.mgt.AbstractValidatingSessionManager - Validating all active sessions...
jvm 1    | 2018-04-11 18:47:55,483+0530 INFO  [SessionValidationThread-1]  org.apache.shiro.session.mgt.AbstractValidatingSessionManager - Finished session validation.  No sessions were stopped.
jvm 1    | 2018-04-11 19:47:55,482+0530 INFO  [SessionValidationThread-1]  org.apache.shiro.session.mgt.AbstractValidatingSessionManager - Validating all active sessions...
jvm 1    | 2018-04-11 19:47:55,483+0530 INFO  [SessionValidationThread-1]  org.apache.shiro.session.mgt.AbstractValidatingSessionManager - Finished session validation.  No sessions were stopped.
jvm 1    | 2018-04-11 20:47:55,483+0530 INFO  [SessionValidationThread-1]  org.apache.shiro.session.mgt.AbstractValidatingSessionManager - Validating all active sessions...
jvm 1    | 2018-04-11 20:47:55,483+0530 INFO  [SessionValidationThread-1]  org.apache.shiro.session.mgt.AbstractValidatingSessionManager - Finished session validation.  No sessions were stopped.
jvm 1    | 2018-04-11 21:47:55,483+0530 INFO  [SessionValidationThread-1]  org.apache.shiro.session.mgt.AbstractValidatingSessionManager - Validating all active sessions...
jvm 1    | 2018-04-11 21:47:55,483+0530 INFO  [SessionValidationThread-1]  org.apache.shiro.session.mgt.AbstractValidatingSessionManager - Finished session validation.  No sessions were stopped.
jvm 1    | 2018-04-11 22:47:55,483+0530 INFO  [SessionValidationThread-1]  org.apache.shiro.session.mgt.AbstractValidatingSessionManager - Validating all active sessions...
jvm 1    | 2018-04-11 22:47:55,484+0530 INFO  [SessionValidationThread-1]  org.apache.shiro.session.mgt.AbstractValidatingSessionManager - Finished session validation.  No sessions were stopped.
jvm 1    | 2018-04-11 23:47:55,483+0530 INFO  [SessionValidationThread-1]  org.apache.shiro.session.mgt.AbstractValidatingSessionManager - Validating all active sessions...
jvm 1    | 2018-04-11 23:47:55,483+0530 INFO  [SessionValidationThread-1]  org.apache.shiro.session.mgt.AbstractValidatingSessionManager - Finished session validation.  No sessions were stopped.
jvm 1    | 2018-04-12 00:47:55,482+0530 INFO  [SessionValidationThread-1]  org.apache.shiro.session.mgt.AbstractValidatingSessionManager - Validating all active sessions...
jvm 1    | 2018-04-12 00:47:55,500+0530 INFO  [SessionValidationThread-1]  org.apache.shiro.session.mgt.AbstractValidatingSessionManager - Finished session validation.  No sessions were stopped.
jvm 1    | 2018-04-12 01:47:55,482+0530 INFO  [SessionValidationThread-1]  org.apache.shiro.session.mgt.AbstractValidatingSessionManager - Validating all active sessions...
jvm 1    | 2018-04-12 01:47:55,483+0530 INFO  [SessionValidationThread-1]  org.apache.shiro.session.mgt.AbstractValidatingSessionManager - Finished session validation.  No sessions were stopped.
jvm 1    | 2018-04-12 02:47:55,483+0530 INFO  [SessionValidationThread-1]  org.apache.shiro.session.mgt.AbstractValidatingSessionManager - Validating all active sessions...
jvm 1    | 2018-04-12 02:47:55,483+0530 INFO  [SessionValidationThread-1]  org.apache.shiro.session.mgt.AbstractValidatingSessionManager - Finished session validation.  No sessions were stopped.
jvm 1    | 2018-04-12 03:47:55,482+0530 INFO  [SessionValidationThread-1]  org.apache.shiro.session.mgt.AbstractValidatingSessionManager - Validating all active sessions...
jvm 1    | 2018-04-12 03:47:55,483+0530 INFO  [SessionValidationThread-1]  org.apache.shiro.session.mgt.AbstractValidatingSessionManager - Finished session validation.  No sessions were stopped.
jvm 1    | 2018-04-12 04:47:55,483+0530 INFO  [SessionValidationThread-1]  org.apache.shiro.session.mgt.AbstractValidatingSessionManager - Validating all active sessions...
jvm 1    | 2018-04-12 04:47:55,483+0530 INFO  [SessionValidationThread-1]  org.apache.shiro.session.mgt.AbstractValidatingSessionManager - Finished session validation.  No sessions were stopped.
jvm 1    | 2018-04-12 05:47:55,482+0530 INFO  [SessionValidationThread-1]  org.apache.shiro.session.mgt.AbstractValidatingSessionManager - Validating all active sessions...
jvm 1    | 2018-04-12 05:47:55,483+0530 INFO  [SessionValidationThread-1]  org.apache.shiro.session.mgt.AbstractValidatingSessionManager - Finished session validation.  No sessions were stopped.
jvm 1    | 2018-04-12 06:47:55,482+0530 INFO  [SessionValidationThread-1]  org.apache.shiro.session.mgt.AbstractValidatingSessionManager - Validating all active sessions...
jvm 1    | 2018-04-12 06:47:55,483+0530 INFO  [SessionValidationThread-1]  org.apache.shiro.session.mgt.AbstractValidatingSessionManager - Finished session validation.  No sessions were stopped.
jvm 1    | 2018-04-12 07:47:55,483+0530 INFO  [SessionValidationThread-1]  org.apache.shiro.session.mgt.AbstractValidatingSessionManager - Validating all active sessions...
jvm 1    | 2018-04-12 07:47:55,483+0530 INFO  [SessionValidationThread-1]  org.apache.shiro.session.mgt.AbstractValidatingSessionManager - Finished session validation.  No sessions were stopped.
jvm 1    | 2018-04-12 08:47:55,482+0530 INFO  [SessionValidationThread-1]  org.apache.shiro.session.mgt.AbstractValidatingSessionManager - Validating all active sessions...
jvm 1    | 2018-04-12 08:47:55,483+0530 INFO  [SessionValidationThread-1]  org.apache.shiro.session.mgt.AbstractValidatingSessionManager - Finished session validation.  No sessions were stopped.
jvm 1    | 2018-04-12 09:47:55,483+0530 INFO  [SessionValidationThread-1]  org.apache.shiro.session.mgt.AbstractValidatingSessionManager - Validating all active sessions...
jvm 1    | 2018-04-12 09:47:55,483+0530 INFO  [SessionValidationThread-1]  org.apache.shiro.session.mgt.AbstractValidatingSessionManager - Finished session validation.  No sessions were stopped.
jvm 1    | 2018-04-12 10:37:30,036+0530 INFO  [qtp1409298260-61] admin org.sonatype.nexus.proxy.maven.maven2.M2Repository - Storing of item releases:/com/mycompany/app/my-app/1.0-SNAPSHOT/my-app-1.0-20180412.050730-1.jar is forbidden by Maven Repository policy. Because releases is a RELEASE repository
jvm 1    | 2018-04-12 10:37:30,058+0530 INFO  [qtp1409298260-60] admin org.sonatype.nexus.proxy.maven.maven2.M2Repository - Storing of item releases:/com/mycompany/app/my-app/1.0-SNAPSHOT/my-app-1.0-20180412.050730-1.pom is forbidden by Maven Repository policy. Because releases is a RELEASE repository
jvm 1    | 2018-04-12 10:40:04,831+0530 INFO  [qtp1409298260-59] admin org.sonatype.nexus.proxy.maven.maven2.M2Repository - Storing of item releases:/com/mycompany/app/my-app/1.0-SNAPSHOT/my-app-1.0-20180412.051004-1.jar is forbidden by Maven Repository policy. Because releases is a RELEASE repository
jvm 1    | 2018-04-12 10:40:04,859+0530 INFO  [qtp1409298260-62] admin org.sonatype.nexus.proxy.maven.maven2.M2Repository - Storing of item releases:/com/mycompany/app/my-app/1.0-SNAPSHOT/my-app-1.0-20180412.051004-1.pom is forbidden by Maven Repository policy. Because releases is a RELEASE repository
jvm 1    | 2018-04-12 10:47:55,482+0530 INFO  [SessionValidationThread-1]  org.apache.shiro.session.mgt.AbstractValidatingSessionManager - Validating all active sessions...
jvm 1    | 2018-04-12 10:47:55,483+0530 INFO  [SessionValidationThread-1]  org.apache.shiro.session.mgt.AbstractValidatingSessionManager - Finished session validation.  No sessions were stopped.
jvm 1    | 2018-04-12 11:12:25,988+0530 INFO  [qtp1409298260-61] admin org.sonatype.nexus.rest.artifact.ArtifactContentPlexusResource - ResourceStoreContentResource, illegal request:Repository with ID='releases' does not allow updating artifacts.
jvm 1    | 2018-04-12 11:14:12,971+0530 INFO  [qtp1409298260-62] admin org.sonatype.nexus.rest.artifact.ArtifactContentPlexusResource - ResourceStoreContentResource, illegal request:Repository with ID='releases' does not allow updating artifacts.
jvm 1    | 2018-04-12 11:16:35,148+0530 INFO  [qtp1409298260-63] admin org.sonatype.nexus.rest.artifact.ArtifactContentPlexusResource - ResourceStoreContentResource, illegal request:Repository with ID='releases' does not allow updating artifacts.
jvm 1    | 2018-04-12 11:47:55,483+0530 INFO  [SessionValidationThread-1]  org.apache.shiro.session.mgt.AbstractValidatingSessionManager - Validating all active sessions...
jvm 1    | 2018-04-12 11:47:55,483+0530 INFO  [SessionValidationThread-1]  org.apache.shiro.session.mgt.AbstractValidatingSessionManager - Finished session validation.  No sessions were stopped.
