2018-04-13 00:47:55,482+0530 INFO  [SessionValidationThread-1]  org.apache.shiro.session.mgt.AbstractValidatingSessionManager - Validating all active sessions...
2018-04-13 00:47:55,484+0530 INFO  [SessionValidationThread-1]  org.apache.shiro.session.mgt.AbstractValidatingSessionManager - Finished session validation.  No sessions were stopped.
2018-04-13 01:47:55,483+0530 INFO  [SessionValidationThread-1]  org.apache.shiro.session.mgt.AbstractValidatingSessionManager - Validating all active sessions...
2018-04-13 01:47:55,483+0530 INFO  [SessionValidationThread-1]  org.apache.shiro.session.mgt.AbstractValidatingSessionManager - Finished session validation.  No sessions were stopped.
2018-04-13 02:47:55,482+0530 INFO  [SessionValidationThread-1]  org.apache.shiro.session.mgt.AbstractValidatingSessionManager - Validating all active sessions...
2018-04-13 02:47:55,483+0530 INFO  [SessionValidationThread-1]  org.apache.shiro.session.mgt.AbstractValidatingSessionManager - Finished session validation.  No sessions were stopped.
2018-04-13 03:47:55,483+0530 INFO  [SessionValidationThread-1]  org.apache.shiro.session.mgt.AbstractValidatingSessionManager - Validating all active sessions...
2018-04-13 03:47:55,483+0530 INFO  [SessionValidationThread-1]  org.apache.shiro.session.mgt.AbstractValidatingSessionManager - Finished session validation.  No sessions were stopped.
2018-04-13 04:47:55,482+0530 INFO  [SessionValidationThread-1]  org.apache.shiro.session.mgt.AbstractValidatingSessionManager - Validating all active sessions...
2018-04-13 04:47:55,482+0530 INFO  [SessionValidationThread-1]  org.apache.shiro.session.mgt.AbstractValidatingSessionManager - Finished session validation.  No sessions were stopped.
2018-04-13 05:47:55,483+0530 INFO  [SessionValidationThread-1]  org.apache.shiro.session.mgt.AbstractValidatingSessionManager - Validating all active sessions...
2018-04-13 05:47:55,484+0530 INFO  [SessionValidationThread-1]  org.apache.shiro.session.mgt.AbstractValidatingSessionManager - Finished session validation.  No sessions were stopped.
2018-04-13 06:47:55,483+0530 INFO  [SessionValidationThread-1]  org.apache.shiro.session.mgt.AbstractValidatingSessionManager - Validating all active sessions...
2018-04-13 06:47:55,483+0530 INFO  [SessionValidationThread-1]  org.apache.shiro.session.mgt.AbstractValidatingSessionManager - Finished session validation.  No sessions were stopped.
2018-04-13 07:47:55,482+0530 INFO  [SessionValidationThread-1]  org.apache.shiro.session.mgt.AbstractValidatingSessionManager - Validating all active sessions...
2018-04-13 07:47:55,483+0530 INFO  [SessionValidationThread-1]  org.apache.shiro.session.mgt.AbstractValidatingSessionManager - Finished session validation.  No sessions were stopped.
2018-04-13 08:47:55,483+0530 INFO  [SessionValidationThread-1]  org.apache.shiro.session.mgt.AbstractValidatingSessionManager - Validating all active sessions...
2018-04-13 08:47:55,483+0530 INFO  [SessionValidationThread-1]  org.apache.shiro.session.mgt.AbstractValidatingSessionManager - Finished session validation.  No sessions were stopped.
2018-04-13 09:47:55,483+0530 INFO  [SessionValidationThread-1]  org.apache.shiro.session.mgt.AbstractValidatingSessionManager - Validating all active sessions...
2018-04-13 09:47:55,483+0530 INFO  [SessionValidationThread-1]  org.apache.shiro.session.mgt.AbstractValidatingSessionManager - Finished session validation.  No sessions were stopped.
2018-04-13 10:47:55,483+0530 INFO  [SessionValidationThread-1]  org.apache.shiro.session.mgt.AbstractValidatingSessionManager - Validating all active sessions...
2018-04-13 10:47:55,483+0530 INFO  [SessionValidationThread-1]  org.apache.shiro.session.mgt.AbstractValidatingSessionManager - Finished session validation.  No sessions were stopped.
2018-04-13 10:48:50,675+0530 INFO  [qtp1409298260-62] admin org.sonatype.nexus.rest.artifact.ArtifactContentPlexusResource - ResourceStoreContentResource, illegal request:Repository with ID='releases' does not allow updating artifacts.
2018-04-13 10:50:32,714+0530 INFO  [qtp1409298260-60] admin org.sonatype.nexus.rest.artifact.ArtifactContentPlexusResource - ResourceStoreContentResource, illegal request:Repository with ID='releases' does not allow updating artifacts.
2018-04-13 11:47:55,483+0530 INFO  [SessionValidationThread-1]  org.apache.shiro.session.mgt.AbstractValidatingSessionManager - Validating all active sessions...
2018-04-13 11:47:55,483+0530 INFO  [SessionValidationThread-1]  org.apache.shiro.session.mgt.AbstractValidatingSessionManager - Finished session validation.  No sessions were stopped.
2018-04-13 12:47:55,483+0530 INFO  [SessionValidationThread-1]  org.apache.shiro.session.mgt.AbstractValidatingSessionManager - Validating all active sessions...
2018-04-13 12:47:55,483+0530 INFO  [SessionValidationThread-1]  org.apache.shiro.session.mgt.AbstractValidatingSessionManager - Finished session validation.  No sessions were stopped.
2018-04-13 13:47:55,482+0530 INFO  [SessionValidationThread-1]  org.apache.shiro.session.mgt.AbstractValidatingSessionManager - Validating all active sessions...
2018-04-13 13:47:55,482+0530 INFO  [SessionValidationThread-1]  org.apache.shiro.session.mgt.AbstractValidatingSessionManager - Finished session validation.  No sessions were stopped.
2018-04-13 14:47:55,482+0530 INFO  [SessionValidationThread-1]  org.apache.shiro.session.mgt.AbstractValidatingSessionManager - Validating all active sessions...
2018-04-13 14:47:55,482+0530 INFO  [SessionValidationThread-1]  org.apache.shiro.session.mgt.AbstractValidatingSessionManager - Finished session validation.  No sessions were stopped.
2018-04-13 15:22:32,719+0530 INFO  [qtp1409298260-60] admin org.sonatype.nexus.proxy.maven.maven2.M2Repository - Storing of item snapshots:/com/mycompany/app/my-app/9.0.3/my-app-9.0.3.jar is forbidden by Maven Repository policy. Because snapshots is a SNAPSHOT repository
2018-04-13 15:22:32,768+0530 INFO  [qtp1409298260-62] admin org.sonatype.nexus.proxy.maven.maven2.M2Repository - Storing of item snapshots:/com/mycompany/app/my-app/9.0.3/my-app-9.0.3.pom is forbidden by Maven Repository policy. Because snapshots is a SNAPSHOT repository
2018-04-13 15:22:33,377+0530 INFO  [qtp1409298260-63] admin org.sonatype.nexus.proxy.maven.maven2.M2Repository - Storing of item snapshots:/content/repositories/Snapshots/com/mycompany/app/my-app/9.0.3/my-app-9.0.3.jar is forbidden by Maven Repository policy. Because snapshots is a SNAPSHOT repository
2018-04-13 15:26:20,109+0530 INFO  [qtp1409298260-60] admin org.sonatype.nexus.proxy.maven.maven2.M2Repository - Storing of item snapshots:/content/repositories/Snapshots/com/mycompany/app/my-app/10.0.3/my-app-10.0.3.jar is forbidden by Maven Repository policy. Because snapshots is a SNAPSHOT repository
